<?xml version="1.0" encoding="UTF-8"?>
<coverage generated="1754993498829" clover="3.2.0">
  <project timestamp="1754993498830" name="All files">
    <metrics statements="75" coveredstatements="75" conditionals="1" coveredconditionals="1" methods="8" coveredmethods="8" elements="84" coveredelements="84" complexity="0" loc="75" ncloc="75" packages="1" files="1" classes="1"/>
    <file name="monitoring.ts" path="/home/sandjio/Projects/Personal-projects/Sachain/sachain-infrastructure/lib/constructs/monitoring.ts">
      <metrics statements="75" coveredstatements="75" conditionals="1" coveredconditionals="1" methods="8" coveredmethods="8"/>
      <line num="1" count="1" type="stmt"/>
      <line num="2" count="1" type="stmt"/>
      <line num="3" count="1" type="stmt"/>
      <line num="4" count="1" type="stmt"/>
      <line num="6" count="1" type="stmt"/>
      <line num="7" count="1" type="stmt"/>
      <line num="8" count="1" type="stmt"/>
      <line num="16" count="1" type="stmt"/>
      <line num="22" count="20" type="stmt"/>
      <line num="25" count="20" type="stmt"/>
      <line num="31" count="20" type="cond" truecount="1" falsecount="0"/>
      <line num="32" count="20" type="stmt"/>
      <line num="38" count="20" type="stmt"/>
      <line num="43" count="20" type="stmt"/>
      <line num="44" count="20" type="stmt"/>
      <line num="46" count="60" type="stmt"/>
      <line num="53" count="60" type="stmt"/>
      <line num="57" count="20" type="stmt"/>
      <line num="60" count="20" type="stmt"/>
      <line num="65" count="60" type="stmt"/>
      <line num="76" count="60" type="stmt"/>
      <line num="77" count="60" type="stmt"/>
      <line num="80" count="60" type="stmt"/>
      <line num="91" count="60" type="stmt"/>
      <line num="94" count="60" type="stmt"/>
      <line num="97" count="60" type="stmt"/>
      <line num="108" count="60" type="stmt"/>
      <line num="111" count="60" type="stmt"/>
      <line num="116" count="20" type="stmt"/>
      <line num="133" count="20" type="stmt"/>
      <line num="136" count="20" type="stmt"/>
      <line num="139" count="20" type="stmt"/>
      <line num="155" count="20" type="stmt"/>
      <line num="158" count="20" type="stmt"/>
      <line num="161" count="20" type="stmt"/>
      <line num="177" count="20" type="stmt"/>
      <line num="180" count="20" type="stmt"/>
      <line num="183" count="20" type="stmt"/>
      <line num="188" count="20" type="stmt"/>
      <line num="205" count="20" type="stmt"/>
      <line num="208" count="20" type="stmt"/>
      <line num="211" count="20" type="stmt"/>
      <line num="229" count="20" type="stmt"/>
      <line num="232" count="20" type="stmt"/>
      <line num="235" count="20" type="stmt"/>
      <line num="252" count="20" type="stmt"/>
      <line num="255" count="20" type="stmt"/>
      <line num="258" count="20" type="stmt"/>
      <line num="275" count="20" type="stmt"/>
      <line num="278" count="20" type="stmt"/>
      <line num="281" count="20" type="stmt"/>
      <line num="299" count="20" type="stmt"/>
      <line num="302" count="20" type="stmt"/>
      <line num="305" count="20" type="stmt"/>
      <line num="323" count="20" type="stmt"/>
      <line num="326" count="20" type="stmt"/>
      <line num="329" count="20" type="stmt"/>
      <line num="347" count="20" type="stmt"/>
      <line num="350" count="20" type="stmt"/>
      <line num="353" count="20" type="stmt"/>
      <line num="370" count="20" type="stmt"/>
      <line num="373" count="20" type="stmt"/>
      <line num="376" count="20" type="stmt"/>
      <line num="393" count="20" type="stmt"/>
      <line num="396" count="20" type="stmt"/>
      <line num="401" count="20" type="stmt"/>
      <line num="403" count="60" type="stmt"/>
      <line num="408" count="20" type="stmt"/>
      <line num="410" count="60" type="stmt"/>
      <line num="416" count="20" type="stmt"/>
      <line num="434" count="20" type="stmt"/>
      <line num="461" count="20" type="stmt"/>
      <line num="484" count="20" type="stmt"/>
      <line num="507" count="20" type="stmt"/>
      <line num="531" count="20" type="stmt"/>
    </file>
  </project>
</coverage>
