<?xml version="1.0" encoding="UTF-8"?>
<coverage generated="1754994990131" clover="3.2.0">
  <project timestamp="1754994990132" name="All files">
    <metrics statements="30" coveredstatements="30" conditionals="2" coveredconditionals="2" methods="2" coveredmethods="2" elements="34" coveredelements="34" complexity="0" loc="30" ncloc="30" packages="1" files="1" classes="1"/>
    <file name="eventbridge.ts" path="/home/sandjio/Projects/Personal-projects/Sachain/sachain-infrastructure/lib/constructs/eventbridge.ts">
      <metrics statements="30" coveredstatements="30" conditionals="2" coveredconditionals="2" methods="2" coveredmethods="2"/>
      <line num="1" count="1" type="stmt"/>
      <line num="2" count="1" type="stmt"/>
      <line num="3" count="1" type="stmt"/>
      <line num="4" count="1" type="stmt"/>
      <line num="5" count="1" type="stmt"/>
      <line num="6" count="1" type="stmt"/>
      <line num="7" count="1" type="stmt"/>
      <line num="14" count="1" type="stmt"/>
      <line num="23" count="27" type="stmt"/>
      <line num="26" count="27" type="stmt"/>
      <line num="31" count="27" type="stmt"/>
      <line num="38" count="27" type="stmt"/>
      <line num="45" count="27" type="cond" truecount="2" falsecount="0"/>
      <line num="49" count="27" type="stmt"/>
      <line num="50" count="27" type="stmt"/>
      <line num="58" count="27" type="stmt"/>
      <line num="65" count="27" type="stmt"/>
      <line num="80" count="27" type="stmt"/>
      <line num="95" count="27" type="stmt"/>
      <line num="114" count="27" type="stmt"/>
      <line num="132" count="27" type="stmt"/>
      <line num="147" count="27" type="stmt"/>
      <line num="166" count="27" type="stmt"/>
      <line num="184" count="27" type="stmt"/>
      <line num="188" count="27" type="stmt"/>
      <line num="192" count="27" type="stmt"/>
      <line num="193" count="27" type="stmt"/>
      <line num="196" count="27" type="stmt"/>
      <line num="201" count="27" type="stmt"/>
      <line num="206" count="27" type="stmt"/>
    </file>
  </project>
</coverage>
