{"/home/sandjio/Projects/Personal-projects/Sachain/sachain-infrastructure/lib/constructs/eventbridge.ts": {"path":"/home/sandjio/Projects/Personal-projects/Sachain/sachain-infrastructure/lib/constructs/eventbridge.ts","statementMap":{"0":{"start":{"line":1,"column":0},"end":{"line":1,"column":35}},"1":{"start":{"line":2,"column":0},"end":{"line":2,"column":49}},"2":{"start":{"line":3,"column":0},"end":{"line":3,"column":58}},"3":{"start":{"line":4,"column":0},"end":{"line":4,"column":43}},"4":{"start":{"line":5,"column":0},"end":{"line":5,"column":67}},"5":{"start":{"line":6,"column":0},"end":{"line":6,"column":45}},"6":{"start":{"line":7,"column":0},"end":{"line":7,"column":39}},"7":{"start":{"line":23,"column":4},"end":{"line":23,"column":21}},"8":{"start":{"line":26,"column":4},"end":{"line":28,"column":7}},"9":{"start":{"line":31,"column":4},"end":{"line":35,"column":7}},"10":{"start":{"line":38,"column":4},"end":{"line":42,"column":7}},"11":{"start":{"line":45,"column":31},"end":{"line":47,"column":6}},"12":{"start":{"line":49,"column":4},"end":{"line":55,"column":7}},"13":{"start":{"line":50,"column":6},"end":{"line":54,"column":8}},"14":{"start":{"line":58,"column":26},"end":{"line":62,"column":6}},"15":{"start":{"line":65,"column":4},"end":{"line":77,"column":7}},"16":{"start":{"line":80,"column":4},"end":{"line":92,"column":6}},"17":{"start":{"line":95,"column":4},"end":{"line":111,"column":6}},"18":{"start":{"line":114,"column":4},"end":{"line":129,"column":6}},"19":{"start":{"line":132,"column":4},"end":{"line":144,"column":6}},"20":{"start":{"line":147,"column":4},"end":{"line":163,"column":6}},"21":{"start":{"line":166,"column":4},"end":{"line":181,"column":6}},"22":{"start":{"line":184,"column":4},"end":{"line":187,"column":6}},"23":{"start":{"line":188,"column":4},"end":{"line":191,"column":6}},"24":{"start":{"line":192,"column":4},"end":{"line":192,"column":60}},"25":{"start":{"line":193,"column":4},"end":{"line":193,"column":67}},"26":{"start":{"line":196,"column":4},"end":{"line":199,"column":7}},"27":{"start":{"line":201,"column":4},"end":{"line":204,"column":7}},"28":{"start":{"line":206,"column":4},"end":{"line":209,"column":7}},"29":{"start":{"line":14,"column":0},"end":{"line":14,"column":13}}},"fnMap":{"0":{"name":"(anonymous_6)","decl":{"start":{"line":22,"column":2},"end":{"line":22,"column":14}},"loc":{"start":{"line":22,"column":76},"end":{"line":210,"column":3}}},"1":{"name":"(anonymous_7)","decl":{"start":{"line":49,"column":31},"end":{"line":49,"column":32}},"loc":{"start":{"line":49,"column":48},"end":{"line":55,"column":5}}}},"branchMap":{"0":{"loc":{"start":{"line":45,"column":31},"end":{"line":47,"column":6}},"type":"binary-expr","locations":[{"start":{"line":45,"column":31},"end":{"line":45,"column":48}},{"start":{"line":45,"column":52},"end":{"line":47,"column":6}}]}},"s":{"0":1,"1":1,"2":1,"3":1,"4":1,"5":1,"6":1,"7":27,"8":27,"9":27,"10":27,"11":27,"12":27,"13":27,"14":27,"15":27,"16":27,"17":27,"18":27,"19":27,"20":27,"21":27,"22":27,"23":27,"24":27,"25":27,"26":27,"27":27,"28":27,"29":1},"f":{"0":27,"1":27},"b":{"0":[27,23]}}
}
