{"/home/sandjio/Projects/Personal-projects/Sachain/sachain-infrastructure/lib/constructs/s3.ts": {"path":"/home/sandjio/Projects/Personal-projects/Sachain/sachain-infrastructure/lib/constructs/s3.ts","statementMap":{"0":{"start":{"line":1,"column":0},"end":{"line":1,"column":35}},"1":{"start":{"line":2,"column":0},"end":{"line":2,"column":41}},"2":{"start":{"line":3,"column":0},"end":{"line":3,"column":43}},"3":{"start":{"line":4,"column":0},"end":{"line":4,"column":43}},"4":{"start":{"line":5,"column":0},"end":{"line":5,"column":39}},"5":{"start":{"line":17,"column":4},"end":{"line":17,"column":21}},"6":{"start":{"line":20,"column":4},"end":{"line":29,"column":7}},"7":{"start":{"line":32,"column":4},"end":{"line":51,"column":6}},"8":{"start":{"line":54,"column":4},"end":{"line":118,"column":7}},"9":{"start":{"line":121,"column":4},"end":{"line":121,"column":27}},"10":{"start":{"line":124,"column":4},"end":{"line":124,"column":76}},"11":{"start":{"line":125,"column":4},"end":{"line":125,"column":69}},"12":{"start":{"line":126,"column":4},"end":{"line":126,"column":66}},"13":{"start":{"line":127,"column":4},"end":{"line":127,"column":69}},"14":{"start":{"line":132,"column":25},"end":{"line":178,"column":6}},"15":{"start":{"line":181,"column":4},"end":{"line":194,"column":6}},"16":{"start":{"line":196,"column":4},"end":{"line":210,"column":6}},"17":{"start":{"line":212,"column":4},"end":{"line":228,"column":6}},"18":{"start":{"line":236,"column":4},"end":{"line":236,"column":51}},"19":{"start":{"line":239,"column":4},"end":{"line":239,"column":55}},"20":{"start":{"line":12,"column":0},"end":{"line":12,"column":13}}},"fnMap":{"0":{"name":"(anonymous_6)","decl":{"start":{"line":16,"column":2},"end":{"line":16,"column":14}},"loc":{"start":{"line":16,"column":67},"end":{"line":128,"column":3}}},"1":{"name":"(anonymous_7)","decl":{"start":{"line":130,"column":10},"end":{"line":130,"column":25}},"loc":{"start":{"line":130,"column":25},"end":{"line":229,"column":3}}},"2":{"name":"(anonymous_8)","decl":{"start":{"line":234,"column":9},"end":{"line":234,"column":26}},"loc":{"start":{"line":234,"column":48},"end":{"line":240,"column":3}}}},"branchMap":{"0":{"loc":{"start":{"line":24,"column":8},"end":{"line":26,"column":37}},"type":"cond-expr","locations":[{"start":{"line":25,"column":12},"end":{"line":25,"column":36}},{"start":{"line":26,"column":12},"end":{"line":26,"column":37}}]},"1":{"loc":{"start":{"line":61,"column":8},"end":{"line":63,"column":37}},"type":"cond-expr","locations":[{"start":{"line":62,"column":12},"end":{"line":62,"column":36}},{"start":{"line":63,"column":12},"end":{"line":63,"column":37}}]}},"s":{"0":1,"1":1,"2":1,"3":1,"4":1,"5":22,"6":22,"7":22,"8":22,"9":22,"10":22,"11":22,"12":22,"13":22,"14":22,"15":22,"16":22,"17":22,"18":1,"19":1,"20":1},"f":{"0":22,"1":22,"2":1},"b":{"0":[2,20],"1":[2,20]}}
}
