TN:
SF:lib/constructs/cognito.ts
FN:15,(anonymous_6)
FNF:1
FNH:1
FNDA:13,(anonymous_6)
DA:1,1
DA:2,1
DA:4,1
DA:11,1
DA:16,13
DA:19,13
DA:111,0
LF:7
LH:6
BRDA:105,0,0,1
BRDA:105,0,1,12
BRF:2
BRH:2
end_of_record
TN:
SF:lib/constructs/dynamodb.ts
FN:12,(anonymous_6)
FNF:1
FNH:1
FNDA:13,(anonymous_6)
DA:1,1
DA:2,1
DA:3,1
DA:9,1
DA:13,13
DA:16,13
DA:44,13
DA:53,13
DA:61,13
DA:62,13
DA:63,13
LF:11
LH:11
BRDA:34,0,0,1
BRDA:34,0,1,12
BRF:2
BRH:2
end_of_record
TN:
SF:lib/constructs/lambda.ts
FN:26,(anonymous_6)
FNF:1
FNH:1
FNDA:11,(anonymous_6)
DA:1,2
DA:2,2
DA:6,2
DA:8,2
DA:9,2
DA:10,2
DA:20,2
DA:27,11
DA:30,11
DA:48,11
DA:70,11
DA:85,11
DA:86,11
DA:87,11
DA:90,11
DA:91,10
DA:95,11
DA:96,10
DA:100,11
DA:113,11
DA:127,11
DA:145,11
DA:153,11
DA:154,11
DA:157,11
DA:158,11
LF:26
LH:26
BRDA:55,0,0,11
BRDA:55,0,1,1
BRDA:56,1,0,11
BRDA:56,1,1,1
BRDA:90,2,0,10
BRDA:95,3,0,10
BRF:6
BRH:6
end_of_record
TN:
SF:lib/constructs/s3.ts
FN:16,(anonymous_6)
FN:130,(anonymous_7)
FN:234,(anonymous_8)
FNF:3
FNH:3
FNDA:22,(anonymous_6)
FNDA:22,(anonymous_7)
FNDA:1,(anonymous_8)
DA:1,1
DA:2,1
DA:3,1
DA:4,1
DA:5,1
DA:12,1
DA:17,22
DA:20,22
DA:32,22
DA:54,22
DA:121,22
DA:124,22
DA:125,22
DA:126,22
DA:127,22
DA:132,22
DA:181,22
DA:196,22
DA:212,22
DA:236,1
DA:239,1
LF:21
LH:21
BRDA:24,0,0,2
BRDA:24,0,1,20
BRDA:61,1,0,2
BRDA:61,1,1,20
BRF:4
BRH:4
end_of_record
