TN:
SF:lib/constructs/cognito.ts
FN:15,(anonymous_6)
FNF:1
FNH:1
FNDA:13,(anonymous_6)
DA:1,1
DA:2,1
DA:4,1
DA:11,1
DA:16,13
DA:19,13
DA:111,0
LF:7
LH:6
BRDA:105,0,0,1
BRDA:105,0,1,12
BRF:2
BRH:2
end_of_record
TN:
SF:lib/constructs/dynamodb.ts
FN:12,(anonymous_6)
FNF:1
FNH:1
FNDA:13,(anonymous_6)
DA:1,1
DA:2,1
DA:3,1
DA:9,1
DA:13,13
DA:16,13
DA:44,13
DA:53,13
DA:61,13
DA:62,13
DA:63,13
LF:11
LH:11
BRDA:34,0,0,1
BRDA:34,0,1,12
BRF:2
BRH:2
end_of_record
TN:
SF:lib/constructs/lambda.ts
FN:26,(anonymous_6)
FNF:1
FNH:1
FNDA:25,(anonymous_6)
DA:1,3
DA:2,3
DA:6,3
DA:8,3
DA:9,3
DA:10,3
DA:20,3
DA:27,25
DA:30,25
DA:48,25
DA:70,25
DA:85,25
DA:86,25
DA:87,25
DA:90,25
DA:91,10
DA:95,25
DA:96,10
DA:100,25
DA:113,25
DA:127,25
DA:145,25
DA:153,25
DA:154,25
DA:157,25
DA:158,25
LF:26
LH:26
BRDA:55,0,0,25
BRDA:55,0,1,15
BRDA:56,1,0,25
BRDA:56,1,1,15
BRDA:90,2,0,10
BRDA:95,3,0,10
BRF:6
BRH:6
end_of_record
TN:
SF:lib/constructs/s3.ts
FN:16,(anonymous_6)
FN:130,(anonymous_7)
FN:234,(anonymous_8)
FNF:3
FNH:3
FNDA:22,(anonymous_6)
FNDA:22,(anonymous_7)
FNDA:1,(anonymous_8)
DA:1,1
DA:2,1
DA:3,1
DA:4,1
DA:5,1
DA:12,1
DA:17,22
DA:20,22
DA:32,22
DA:54,22
DA:121,22
DA:124,22
DA:125,22
DA:126,22
DA:127,22
DA:132,22
DA:181,22
DA:196,22
DA:212,22
DA:236,1
DA:239,1
LF:21
LH:21
BRDA:24,0,0,2
BRDA:24,0,1,20
BRDA:61,1,0,2
BRDA:61,1,1,20
BRF:4
BRH:4
end_of_record
